{"name": "[RE-08] Verify user can search existing RE by tapping on Search (Q) option", "status": "broken", "statusDetails": {"message": "selenium.common.exceptions.TimeoutException: Message: \n\n", "trace": "  File \"C:\\Users\\rashm\\Desktop\\Python Programs\\Rashmi testing\\BOH\\venv\\lib\\site-packages\\behave\\model.py\", line 1329, in run\n    match.run(runner.context)\n  File \"C:\\Users\\rashm\\Desktop\\Python Programs\\Rashmi testing\\BOH\\venv\\lib\\site-packages\\behave\\matchers.py\", line 98, in run\n    self.func(context, *args, **kwargs)\n  File \"Features\\steps\\SignIn_Steps.py\", line 48, in step_impl\n    context.boh.clickOn_Login()\n  File \"C:\\Users\\rashm\\Desktop\\Python Programs\\Rashmi testing\\BOH\\Features\\Pages\\SignIn_Page.py\", line 40, in clickOn_Login\n    login = self.wait.until(\n  File \"C:\\Users\\rashm\\Desktop\\Python Programs\\Rashmi testing\\BOH\\venv\\lib\\site-packages\\selenium\\webdriver\\support\\wait.py\", line 89, in until\n    raise TimeoutException(message, screen, stacktrace)\n"}, "steps": [{"name": "Given user is on BOH FPU homepage", "status": "passed", "attachments": [{"name": "1", "source": "5205b810-5c48-4cd1-9774-ec346461b526-attachment.png", "type": "image/png"}], "start": 1654199996691, "stop": 1654199999906}, {"name": "When user login with username \"harish.ekal@spurqlabs.com\" and password \"Ekal@BOH123!\"", "status": "broken", "statusDetails": {"message": "selenium.common.exceptions.TimeoutException: Message: \n\n", "trace": "  File \"C:\\Users\\rashm\\Desktop\\Python Programs\\Rashmi testing\\BOH\\venv\\lib\\site-packages\\behave\\model.py\", line 1329, in run\n    match.run(runner.context)\n  File \"C:\\Users\\rashm\\Desktop\\Python Programs\\Rashmi testing\\BOH\\venv\\lib\\site-packages\\behave\\matchers.py\", line 98, in run\n    self.func(context, *args, **kwargs)\n  File \"Features\\steps\\SignIn_Steps.py\", line 48, in step_impl\n    context.boh.clickOn_Login()\n  File \"C:\\Users\\rashm\\Desktop\\Python Programs\\Rashmi testing\\BOH\\Features\\Pages\\SignIn_Page.py\", line 40, in clickOn_Login\n    login = self.wait.until(\n  File \"C:\\Users\\rashm\\Desktop\\Python Programs\\Rashmi testing\\BOH\\venv\\lib\\site-packages\\selenium\\webdriver\\support\\wait.py\", line 89, in until\n    raise TimeoutException(message, screen, stacktrace)\n"}, "attachments": [{"name": "2", "source": "14e3395c-58a2-4ab6-adbc-1018ef5faf89-attachment.png", "type": "image/png"}], "start": 1654199999906, "stop": 1654200071190}, {"name": "And user taps on RE tab", "status": "skipped", "start": 1654200073187, "stop": 1654200073187}, {"name": "And user taps on \"search\" symbol", "status": "skipped", "start": 1654200073187, "stop": 1654200073187}, {"name": "And user enters \"772\" in search field", "status": "skipped", "start": 1654200073187, "stop": 1654200073187}, {"name": "And user selects RE# \"772\"", "status": "skipped", "start": 1654200073187, "stop": 1654200073187}, {"name": "Then user verifies searched RE# \"772\" details page is displayed", "status": "skipped", "start": 1654200073187, "stop": 1654200073187}], "start": 1654199975676, "stop": 1654200073187, "uuid": "ad12654c-00e1-4ca0-acb1-7d7a50bfbd91", "historyId": "e7c1d1c241644523b0f33ee996854be4", "fullName": "Verify Functionalities for RE module: [RE-08] Verify user can search existing RE by tapping on Search (Q) option", "labels": [{"name": "severity", "value": "normal"}, {"name": "feature", "value": "Verify Functionalities for RE module"}, {"name": "framework", "value": "behave"}, {"name": "language", "value": "cpython3"}]}